0 info it worked if it ends with ok
1 verbose cli [ 'D:\\software\\nodejs\\node.exe',
1 verbose cli   'D:\\software\\nodejs\\node_modules\\npm\\bin\\npm-cli.js',
1 verbose cli   'run',
1 verbose cli   'help' ]
2 info using npm@3.10.9
3 info using node@v7.5.0
4 verbose run-script [ 'prehelp', 'help', 'posthelp' ]
5 info lifecycle jquery-server@1.0.0~prehelp: jquery-server@1.0.0
6 silly lifecycle jquery-server@1.0.0~prehelp: no script for prehelp, continuing
7 info lifecycle jquery-server@1.0.0~help: jquery-server@1.0.0
8 verbose lifecycle jquery-server@1.0.0~help: unsafe-perm in lifecycle true
9 verbose lifecycle jquery-server@1.0.0~help: PATH: D:\software\nodejs\node_modules\npm\bin\node-gyp-bin;C:\Users\smalle\Desktop\smweb\webpack\A03-jquery-server\node_modules\.bin;D:\java\jdk1.7.0_51/bin;D:\java\jdk1.7.0_51/jre/bin;C:\Program Files (x86)\Common Files\NetSarang;D:\java\oracle\product\11.2.0\dbhome_1\bin;C:\Windows\system32;C:\Windows;C:\Windows\System32\Wbem;C:\Windows\System32\WindowsPowerShell\v1.0\;C:\Program Files (x86)\NVIDIA Corporation\PhysX\Common;;D:\software\CloudFoundry;C:\Program Files (x86)\Windows Kits\8.1\Windows Performance Toolkit\;C:\Program Files\Microsoft SQL Server\110\Tools\Binn\;C:\strawberry\c\bin;C:\strawberry\perl\bin;D:\software\Rational Rose\common;%USERPROFILE%\.dnx\bin;C:\Program Files\Microsoft DNX\Dnvm\;C:\Program Files\Microsoft SQL Server\130\Tools\Binn\;D:\java\apache-maven-3.3.9\bin;D:\java\svn\bin;D:\java\db-derby-10.13.1.1-bin\bin;D:\java\mysql-5.6.24\bin;D:\software\PuTTY\;D:\software\nodejs;D:\software\Ruby22-x64\bin;D:\java\android-sdk\tools;D:\java\android-sdk\platform-tools;C:\Users\smalle\AppData\Roaming\npm;D:\software\Python27;D:\java\oracle\product\instantclient_10_2;C:\Users\smalle\AppData\Local\atom\bin;D:\software\Microsoft VS Code\bin;D:\software\Rational Rose\Rose
10 verbose lifecycle jquery-server@1.0.0~help: CWD: C:\Users\smalle\Desktop\smweb\webpack\A03-jquery-server
11 silly lifecycle jquery-server@1.0.0~help: Args: [ '/d /s /c', '注释：运行下列脚本(如：npm run dev，可启动调试服务器)' ]
12 silly lifecycle jquery-server@1.0.0~help: Returned: code: 1  signal: null
13 info lifecycle jquery-server@1.0.0~help: Failed to exec help script
14 verbose stack Error: jquery-server@1.0.0 help: `注释：运行下列脚本(如：npm run dev，可启动调试服务器)`
14 verbose stack Exit status 1
14 verbose stack     at EventEmitter.<anonymous> (D:\software\nodejs\node_modules\npm\lib\utils\lifecycle.js:255:16)
14 verbose stack     at emitTwo (events.js:106:13)
14 verbose stack     at EventEmitter.emit (events.js:192:7)
14 verbose stack     at ChildProcess.<anonymous> (D:\software\nodejs\node_modules\npm\lib\utils\spawn.js:40:14)
14 verbose stack     at emitTwo (events.js:106:13)
14 verbose stack     at ChildProcess.emit (events.js:192:7)
14 verbose stack     at maybeClose (internal/child_process.js:890:16)
14 verbose stack     at Process.ChildProcess._handle.onexit (internal/child_process.js:226:5)
15 verbose pkgid jquery-server@1.0.0
16 verbose cwd C:\Users\smalle\Desktop\smweb\webpack\A03-jquery-server
17 error Windows_NT 6.3.9600
18 error argv "D:\\software\\nodejs\\node.exe" "D:\\software\\nodejs\\node_modules\\npm\\bin\\npm-cli.js" "run" "help"
19 error node v7.5.0
20 error npm  v3.10.9
21 error code ELIFECYCLE
22 error jquery-server@1.0.0 help: `注释：运行下列脚本(如：npm run dev，可启动调试服务器)`
22 error Exit status 1
23 error Failed at the jquery-server@1.0.0 help script '注释：运行下列脚本(如：npm run dev，可启动调试服务器)'.
23 error Make sure you have the latest version of node.js and npm installed.
23 error If you do, this is most likely a problem with the jquery-server package,
23 error not with npm itself.
23 error Tell the author that this fails on your system:
23 error     注释：运行下列脚本(如：npm run dev，可启动调试服务器)
23 error You can get information on how to open an issue for this project with:
23 error     npm bugs jquery-server
23 error Or if that isn't available, you can get their info via:
23 error     npm owner ls jquery-server
23 error There is likely additional logging output above.
24 verbose exit [ 1, true ]
