0 info it worked if it ends with ok
1 verbose cli [ 'D:\\software\\nodejs\\node.exe',
1 verbose cli   'D:\\software\\nodejs\\node_modules\\npm\\bin\\npm-cli.js',
1 verbose cli   'run',
1 verbose cli   'start' ]
2 info using npm@3.10.9
3 info using node@v7.5.0
4 verbose run-script [ 'prestart', 'start', 'poststart' ]
5 info lifecycle mockserver@1.0.0~prestart: mockserver@1.0.0
6 silly lifecycle mockserver@1.0.0~prestart: no script for prestart, continuing
7 info lifecycle mockserver@1.0.0~start: mockserver@1.0.0
8 verbose lifecycle mockserver@1.0.0~start: unsafe-perm in lifecycle true
9 verbose lifecycle mockserver@1.0.0~start: PATH: D:\software\nodejs\node_modules\npm\bin\node-gyp-bin;C:\Users\smalle\Desktop\mockserver\node_modules\.bin;D:\java\jdk1.7.0_51/bin;D:\java\jdk1.7.0_51/jre/bin;C:\Program Files (x86)\Common Files\NetSarang;D:\java\oracle\product\11.2.0\dbhome_1\bin;C:\Windows\system32;C:\Windows;C:\Windows\System32\Wbem;C:\Windows\System32\WindowsPowerShell\v1.0\;C:\Program Files (x86)\NVIDIA Corporation\PhysX\Common;;D:\software\CloudFoundry;C:\Program Files (x86)\Windows Kits\8.1\Windows Performance Toolkit\;C:\Program Files\Microsoft SQL Server\110\Tools\Binn\;C:\strawberry\c\bin;C:\strawberry\perl\bin;D:\software\Rational Rose\common;C:\Windows\system32\config\systemprofile\.dnx\bin;C:\Program Files\Microsoft DNX\Dnvm\;C:\Program Files\Microsoft SQL Server\130\Tools\Binn\;D:\java\apache-maven-3.3.9\bin;D:\java\db-derby-10.13.1.1-bin\bin;D:\java\mysql-5.6.24\bin;D:\software\PuTTY\;D:\java\Git\cmd\;C:\Program Files (x86)\GtkSharp\2.12\bin;D:\software\android-sdk\tools;D:\software\android-sdk\platform-tools;D:\software\python27;D:\software\python27\Scripts;D:\java\oracle\product\11.2.0\dbhome_1\bin;D:\software\nodejs;D:\software\Ruby22-x64\bin;D:\software\android-sdk\tools;D:\software\android-sdk\platform-tools;C:\Users\smalle\AppData\Roaming\npm;D:\java\oracle\product\instantclient_10_2;C:\Users\smalle\AppData\Local\atom\bin;D:\software\Microsoft VS Code\bin;D:\software\Rational Rose\Rose;D:\java\gradle-4.1\bin
10 verbose lifecycle mockserver@1.0.0~start: CWD: C:\Users\smalle\Desktop\mockserver
11 silly lifecycle mockserver@1.0.0~start: Args: [ '/d /s /c', 'node server.js' ]
12 silly lifecycle mockserver@1.0.0~start: Returned: code: 3221225786  signal: null
13 info lifecycle mockserver@1.0.0~start: Failed to exec start script
14 verbose stack Error: mockserver@1.0.0 start: `node server.js`
14 verbose stack Exit status 3221225786
14 verbose stack     at EventEmitter.<anonymous> (D:\software\nodejs\node_modules\npm\lib\utils\lifecycle.js:255:16)
14 verbose stack     at emitTwo (events.js:106:13)
14 verbose stack     at EventEmitter.emit (events.js:192:7)
14 verbose stack     at ChildProcess.<anonymous> (D:\software\nodejs\node_modules\npm\lib\utils\spawn.js:40:14)
14 verbose stack     at emitTwo (events.js:106:13)
14 verbose stack     at ChildProcess.emit (events.js:192:7)
14 verbose stack     at maybeClose (internal/child_process.js:890:16)
14 verbose stack     at Process.ChildProcess._handle.onexit (internal/child_process.js:226:5)
15 verbose pkgid mockserver@1.0.0
16 verbose cwd C:\Users\smalle\Desktop\mockserver
17 error Windows_NT 6.3.9600
18 error argv "D:\\software\\nodejs\\node.exe" "D:\\software\\nodejs\\node_modules\\npm\\bin\\npm-cli.js" "run" "start"
19 error node v7.5.0
20 error npm  v3.10.9
21 error code ELIFECYCLE
22 error mockserver@1.0.0 start: `node server.js`
22 error Exit status 3221225786
23 error Failed at the mockserver@1.0.0 start script 'node server.js'.
23 error Make sure you have the latest version of node.js and npm installed.
23 error If you do, this is most likely a problem with the mockserver package,
23 error not with npm itself.
23 error Tell the author that this fails on your system:
23 error     node server.js
23 error You can get information on how to open an issue for this project with:
23 error     npm bugs mockserver
23 error Or if that isn't available, you can get their info via:
23 error     npm owner ls mockserver
23 error There is likely additional logging output above.
24 verbose exit [ 1, true ]
